sending incremental file list
Docs/Adm/
Docs/Adm/.~lock.Work rotation.ods#
Docs/Adm/Work rotation.ods
Projects/TruncExpFam/
Projects/TruncExpFam/uiosync.log
Projects/TruncExpFam/.git/
Projects/TruncExpFam/.git/COMMIT_EDITMSG
Projects/TruncExpFam/.git/FETCH_HEAD
Projects/TruncExpFam/.git/index
Projects/TruncExpFam/.git/logs/HEAD
Projects/TruncExpFam/.git/logs/refs/heads/release-1.0.0
Projects/TruncExpFam/.git/objects/
Projects/TruncExpFam/.git/objects/2b/
Projects/TruncExpFam/.git/objects/2b/e79422d879cd6d7ab5d0d313fcfb88b313a948
Projects/TruncExpFam/.git/objects/3c/
Projects/TruncExpFam/.git/objects/3c/2de121bc3cf4ebcdb7ed29ab68314528ee2f9d
Projects/TruncExpFam/.git/objects/54/
Projects/TruncExpFam/.git/objects/54/48e308d8db988921c69e7938cad9643580e90f
Projects/TruncExpFam/.git/objects/8c/
Projects/TruncExpFam/.git/objects/8c/0c24f10844e8ed67e926d76e921cb509ab5201
Projects/TruncExpFam/.git/refs/heads/
Projects/TruncExpFam/.git/refs/heads/release-1.0.0
Projects/matlab2r/.git/FETCH_HEAD
Projects/matlab2r/.git/objects/
